0 info it worked if it ends with ok
<<<<<<< HEAD
1 verbose cli [ 'C:\\Program Files\\nodejs\\node.exe',
1 verbose cli   'C:\\Program Files\\nodejs\\node_modules\\npm\\bin\\npm-cli.js',
1 verbose cli   'start' ]
2 info using npm@3.8.9
3 info using node@v6.2.0
4 verbose run-script [ 'prestart', 'start', 'poststart' ]
5 info lifecycle electronapp@0.0.1~prestart: electronapp@0.0.1
6 silly lifecycle electronapp@0.0.1~prestart: no script for prestart, continuing
7 info lifecycle electronapp@0.0.1~start: electronapp@0.0.1
8 verbose lifecycle electronapp@0.0.1~start: unsafe-perm in lifecycle true
9 verbose lifecycle electronapp@0.0.1~start: PATH: C:\Program Files\nodejs\node_modules\npm\bin\node-gyp-bin;C:\Users\Sean\Documents\GitHub\AIE-Team1-TeamWork\node_modules\.bin;C:\Program Files\nodejs;C:\Users\Sean\AppData\Roaming\npm;C:\Program Files\nodejs\;C:\ProgramData\Oracle\Java\javapath;C:\Program Files (x86)\NVIDIA Corporation\PhysX\Common;C:\Windows\system32;C:\Windows;C:\Windows\System32\Wbem;C:\Windows\System32\WindowsPowerShell\v1.0\;C:\Program Files (x86)\ATI Technologies\ATI.ACE\Core-Static;C:\Program Files (x86)\Skype\Phone\;C:\Program Files (x86)\QuickTime\QTSystem\;C:\Program Files\nodejs\;C:\Users\Sean\AppData\Roaming\npm
10 verbose lifecycle electronapp@0.0.1~start: CWD: C:\Users\Sean\Documents\GitHub\AIE-Team1-TeamWork
11 silly lifecycle electronapp@0.0.1~start: Args: [ '/d /s /c', 'asar pack project app.asar && electron .' ]
12 silly lifecycle electronapp@0.0.1~start: Returned: code: 3221226525  signal: null
13 info lifecycle electronapp@0.0.1~start: Failed to exec start script
14 verbose stack Error: electronapp@0.0.1 start: `asar pack project app.asar && electron .`
14 verbose stack Exit status 3221226525
14 verbose stack     at EventEmitter.<anonymous> (C:\Program Files\nodejs\node_modules\npm\lib\utils\lifecycle.js:245:16)
14 verbose stack     at emitTwo (events.js:106:13)
14 verbose stack     at EventEmitter.emit (events.js:191:7)
14 verbose stack     at ChildProcess.<anonymous> (C:\Program Files\nodejs\node_modules\npm\lib\utils\spawn.js:24:14)
14 verbose stack     at emitTwo (events.js:106:13)
14 verbose stack     at ChildProcess.emit (events.js:191:7)
14 verbose stack     at maybeClose (internal/child_process.js:850:16)
14 verbose stack     at Process.ChildProcess._handle.onexit (internal/child_process.js:215:5)
15 verbose pkgid electronapp@0.0.1
16 verbose cwd C:\Users\Sean\Documents\GitHub\AIE-Team1-TeamWork
17 error Windows_NT 6.1.7601
18 error argv "C:\\Program Files\\nodejs\\node.exe" "C:\\Program Files\\nodejs\\node_modules\\npm\\bin\\npm-cli.js" "start"
19 error node v6.2.0
20 error npm  v3.8.9
21 error code ELIFECYCLE
22 error electronapp@0.0.1 start: `asar pack project app.asar && electron .`
22 error Exit status 3221226525
23 error Failed at the electronapp@0.0.1 start script 'asar pack project app.asar && electron .'.
23 error Make sure you have the latest version of node.js and npm installed.
23 error If you do, this is most likely a problem with the electronapp package,
23 error not with npm itself.
23 error Tell the author that this fails on your system:
23 error     asar pack project app.asar && electron .
23 error You can get information on how to open an issue for this project with:
23 error     npm bugs electronapp
23 error Or if that isn't available, you can get their info via:
23 error     npm owner ls electronapp
23 error There is likely additional logging output above.
24 verbose exit [ 1, true ]
=======
1 verbose cli [ '/usr/local/bin/node', '/usr/local/bin/npm', 'start' ]
2 info using npm@2.15.5
3 info using node@v4.4.5
4 verbose run-script [ 'prestart', 'start', 'poststart' ]
5 info prestart electronapp@0.0.1
6 info start electronapp@0.0.1
7 verbose unsafe-perm in lifecycle true
8 info electronapp@0.0.1 Failed to exec start script
9 verbose stack Error: electronapp@0.0.1 start: `asar pack project app.asar && electron .`
9 verbose stack spawn ENOENT
9 verbose stack     at ChildProcess.<anonymous> (/usr/local/lib/node_modules/npm/lib/utils/spawn.js:17:16)
9 verbose stack     at emitTwo (events.js:87:13)
9 verbose stack     at ChildProcess.emit (events.js:172:7)
9 verbose stack     at maybeClose (internal/child_process.js:827:16)
9 verbose stack     at Process.ChildProcess._handle.onexit (internal/child_process.js:211:5)
10 verbose pkgid electronapp@0.0.1
11 verbose cwd /Users/apple/GitHub/AIE-Team1-TeamWork
12 error Darwin 14.5.0
13 error argv "/usr/local/bin/node" "/usr/local/bin/npm" "start"
14 error node v4.4.5
15 error npm  v2.15.5
16 error file sh
17 error code ELIFECYCLE
18 error errno ENOENT
19 error syscall spawn
20 error electronapp@0.0.1 start: `asar pack project app.asar && electron .`
20 error spawn ENOENT
21 error Failed at the electronapp@0.0.1 start script 'asar pack project app.asar && electron .'.
21 error This is most likely a problem with the electronapp package,
21 error not with npm itself.
21 error Tell the author that this fails on your system:
21 error     asar pack project app.asar && electron .
21 error You can get information on how to open an issue for this project with:
21 error     npm bugs electronapp
21 error Or if that isn't available, you can get their info via:
21 error
21 error     npm owner ls electronapp
21 error There is likely additional logging output above.
22 verbose exit [ 1, true ]
>>>>>>> parent of e03452c... re-push fixes
